    For further information visit https://errors.pydantic.dev/2.5/v/extra_forbidden
WEBHOOK_USERNAME
  Extra inputs are not permitted [type=extra_forbidden, input_value='bank', input_type=str]
    For further information visit https://errors.pydantic.dev/2.5/v/extra_forbidden
WEBHOOK_PASSWORD
  Extra inputs are not permitted [type=extra_forbidden, input_value='bank', input_type=str]
    For further information visit https://errors.pydantic.dev/2.5/v/extra_forbidden
WEBHOOK_TIMEOUT
  Extra inputs are not permitted [type=extra_forbidden, input_value='10.0', input_type=str]
    For further information visit https://errors.pydantic.dev/2.5/v/extra_forbidden
[2025-12-25 16:39:45 +0500] [9] [INFO] Worker exiting (pid: 9)
[2025-12-25 16:39:45 +0500] [8] [ERROR] Exception in worker process
Traceback (most recent call last):
  File "/usr/local/lib/python3.11/site-packages/gunicorn/arbiter.py", line 609, in spawn_worker
    worker.init_process()
  File "/usr/local/lib/python3.11/site-packages/uvicorn/workers.py", line 66, in init_process
    super(UvicornWorker, self).init_process()
  File "/usr/local/lib/python3.11/site-packages/gunicorn/workers/base.py", line 134, in init_process
    self.load_wsgi()
  File "/usr/local/lib/python3.11/site-packages/gunicorn/workers/base.py", line 146, in load_wsgi
    self.wsgi = self.app.wsgi()
                ^^^^^^^^^^^^^^^
  File "/usr/local/lib/python3.11/site-packages/gunicorn/app/base.py", line 67, in wsgi
    self.callable = self.load()
                    ^^^^^^^^^^^
  File "/usr/local/lib/python3.11/site-packages/gunicorn/app/wsgiapp.py", line 58, in load
    return self.load_wsgiapp()
           ^^^^^^^^^^^^^^^^^^^
  File "/usr/local/lib/python3.11/site-packages/gunicorn/app/wsgiapp.py", line 48, in load_wsgiapp
    return util.import_app(self.app_uri)
           ^^^^^^^^^^^^^^^^^^^^^^^^^^^^^
  File "/usr/local/lib/python3.11/site-packages/gunicorn/util.py", line 371, in import_app
    mod = importlib.import_module(module)
          ^^^^^^^^^^^^^^^^^^^^^^^^^^^^^^^
  File "/usr/local/lib/python3.11/importlib/__init__.py", line 126, in import_module
    return _bootstrap._gcd_import(name[level:], package, level)
           ^^^^^^^^^^^^^^^^^^^^^^^^^^^^^^^^^^^^^^^^^^^^^^^^^^^^
  File "<frozen importlib._bootstrap>", line 1204, in _gcd_import
  File "<frozen importlib._bootstrap>", line 1176, in _find_and_load
  File "<frozen importlib._bootstrap>", line 1147, in _find_and_load_unlocked
  File "<frozen importlib._bootstrap>", line 690, in _load_unlocked
  File "<frozen importlib._bootstrap_external>", line 940, in exec_module
  File "<frozen importlib._bootstrap>", line 241, in _call_with_frames_removed
  File "/app/main.py", line 9, in <module>
    from api.routes import health, kafka, verify
  File "/app/api/routes/health.py", line 2, in <module>
    from core.dependencies import get_db_manager
  File "/app/core/dependencies.py", line 9, in <module>
    from services.webhook_client import WebhookClient
  File "/app/services/webhook_client.py", line 5, in <module>
    from core.settings import webhook_settings
  File "/app/core/settings.py", line 87, in <module>
    db_settings = DatabaseSettings()
                  ^^^^^^^^^^^^^^^^^^
  File "/usr/local/lib/python3.11/site-packages/pydantic_settings/main.py", line 71, in __init__
    super().__init__(
  File "/usr/local/lib/python3.11/site-packages/pydantic/main.py", line 164, in __init__
    __pydantic_self__.__pydantic_validator__.validate_python(data, self_instance=__pydantic_self__)
pydantic_core._pydantic_core.ValidationError: 13 validation errors for DatabaseSettings
TZ
  Extra inputs are not permitted [type=extra_forbidden, input_value='Asia/Almaty', input_type=str]
    For further information visit https://errors.pydantic.dev/2.5/v/extra_forbidden
S3_ENDPOINT
  Extra inputs are not permitted [type=extra_forbidden, input_value='s3-dev.fortebank.com:9443', input_type=str]
    For further information visit https://errors.pydantic.dev/2.5/v/extra_forbidden
S3_ACCESS_KEY
  Extra inputs are not permitted [type=extra_forbidden, input_value='fyz13d2czRW7l4sBW8gD', input_type=str]
    For further information visit https://errors.pydantic.dev/2.5/v/extra_forbidden
S3_SECRET_KEY
  Extra inputs are not permitted [type=extra_forbidden, input_value='1ixYVVoZKSnG0rwfvTy0vnqQplupXOOn8DF9gS1A', input_type=str]
    For further information visit https://errors.pydantic.dev/2.5/v/extra_forbidden
S3_BUCKET
  Extra inputs are not permitted [type=extra_forbidden, input_value='loan-statements-dev', input_type=str]
    For further information visit https://errors.pydantic.dev/2.5/v/extra_forbidden
S3_SECURE
  Extra inputs are not permitted [type=extra_forbidden, input_value='True', input_type=str]
    For further information visit https://errors.pydantic.dev/2.5/v/extra_forbidden
OCR_BASE_URL
  Extra inputs are not permitted [type=extra_forbidden, input_value='https://ocr.fortebank.com/v2', input_type=str]
    For further information visit https://errors.pydantic.dev/2.5/v/extra_forbidden
LLM_ENDPOINT_URL
  Extra inputs are not permitted [type=extra_forbidden, input_value='https://dl-ai-dev-app01-...payment/out/completions', input_type=str]
    For further information visit https://errors.pydantic.dev/2.5/v/extra_forbidden
LOG_LEVEL
  Extra inputs are not permitted [type=extra_forbidden, input_value='INFO', input_type=str]
    For further information visit https://errors.pydantic.dev/2.5/v/extra_forbidden
WEBHOOK_URL
  Extra inputs are not permitted [type=extra_forbidden, input_value='https://dev-loan-api.for...ay/document-scan/result', input_type=str]
    For further information visit https://errors.pydantic.dev/2.5/v/extra_forbidden
WEBHOOK_USERNAME
  Extra inputs are not permitted [type=extra_forbidden, input_value='bank', input_type=str]
    For further information visit https://errors.pydantic.dev/2.5/v/extra_forbidden
WEBHOOK_PASSWORD
  Extra inputs are not permitted [type=extra_forbidden, input_value='bank', input_type=str]
    For further information visit https://errors.pydantic.dev/2.5/v/extra_forbidden
WEBHOOK_TIMEOUT
  Extra inputs are not permitted [type=extra_forbidden, input_value='10.0', input_type=str]
    For further information visit https://errors.pydantic.dev/2.5/v/extra_forbidden
[2025-12-25 16:39:45 +0500] [8] [INFO] Worker exiting (pid: 8)
[2025-12-25 16:39:45 +0500] [10] [ERROR] Exception in worker process
Traceback (most recent call last):
  File "/usr/local/lib/python3.11/site-packages/gunicorn/arbiter.py", line 609, in spawn_worker
    worker.init_process()
  File "/usr/local/lib/python3.11/site-packages/uvicorn/workers.py", line 66, in init_process
    super(UvicornWorker, self).init_process()
  File "/usr/local/lib/python3.11/site-packages/gunicorn/workers/base.py", line 134, in init_process
    self.load_wsgi()
  File "/usr/local/lib/python3.11/site-packages/gunicorn/workers/base.py", line 146, in load_wsgi
    self.wsgi = self.app.wsgi()
                ^^^^^^^^^^^^^^^
  File "/usr/local/lib/python3.11/site-packages/gunicorn/app/base.py", line 67, in wsgi
    self.callable = self.load()
                    ^^^^^^^^^^^
  File "/usr/local/lib/python3.11/site-packages/gunicorn/app/wsgiapp.py", line 58, in load
    return self.load_wsgiapp()
           ^^^^^^^^^^^^^^^^^^^
  File "/usr/local/lib/python3.11/site-packages/gunicorn/app/wsgiapp.py", line 48, in load_wsgiapp
    return util.import_app(self.app_uri)
           ^^^^^^^^^^^^^^^^^^^^^^^^^^^^^
  File "/usr/local/lib/python3.11/site-packages/gunicorn/util.py", line 371, in import_app
    mod = importlib.import_module(module)
          ^^^^^^^^^^^^^^^^^^^^^^^^^^^^^^^
  File "/usr/local/lib/python3.11/importlib/__init__.py", line 126, in import_module
    return _bootstrap._gcd_import(name[level:], package, level)
           ^^^^^^^^^^^^^^^^^^^^^^^^^^^^^^^^^^^^^^^^^^^^^^^^^^^^
  File "<frozen importlib._bootstrap>", line 1204, in _gcd_import
  File "<frozen importlib._bootstrap>", line 1176, in _find_and_load
  File "<frozen importlib._bootstrap>", line 1147, in _find_and_load_unlocked
  File "<frozen importlib._bootstrap>", line 690, in _load_unlocked
  File "<frozen importlib._bootstrap_external>", line 940, in exec_module
  File "<frozen importlib._bootstrap>", line 241, in _call_with_frames_removed
  File "/app/main.py", line 9, in <module>
    from api.routes import health, kafka, verify
  File "/app/api/routes/health.py", line 2, in <module>
    from core.dependencies import get_db_manager
  File "/app/core/dependencies.py", line 9, in <module>
    from services.webhook_client import WebhookClient
  File "/app/services/webhook_client.py", line 5, in <module>
    from core.settings import webhook_settings
  File "/app/core/settings.py", line 87, in <module>
    db_settings = DatabaseSettings()
                  ^^^^^^^^^^^^^^^^^^
  File "/usr/local/lib/python3.11/site-packages/pydantic_settings/main.py", line 71, in __init__
    super().__init__(
  File "/usr/local/lib/python3.11/site-packages/pydantic/main.py", line 164, in __init__
    __pydantic_self__.__pydantic_validator__.validate_python(data, self_instance=__pydantic_self__)
pydantic_core._pydantic_core.ValidationError: 13 validation errors for DatabaseSettings
TZ
  Extra inputs are not permitted [type=extra_forbidden, input_value='Asia/Almaty', input_type=str]
    For further information visit https://errors.pydantic.dev/2.5/v/extra_forbidden
S3_ENDPOINT
  Extra inputs are not permitted [type=extra_forbidden, input_value='s3-dev.fortebank.com:9443', input_type=str]
    For further information visit https://errors.pydantic.dev/2.5/v/extra_forbidden
S3_ACCESS_KEY
  Extra inputs are not permitted [type=extra_forbidden, input_value='fyz13d2czRW7l4sBW8gD', input_type=str]
    For further information visit https://errors.pydantic.dev/2.5/v/extra_forbidden
S3_SECRET_KEY
  Extra inputs are not permitted [type=extra_forbidden, input_value='1ixYVVoZKSnG0rwfvTy0vnqQplupXOOn8DF9gS1A', input_type=str]
    For further information visit https://errors.pydantic.dev/2.5/v/extra_forbidden
S3_BUCKET
  Extra inputs are not permitted [type=extra_forbidden, input_value='loan-statements-dev', input_type=str]
    For further information visit https://errors.pydantic.dev/2.5/v/extra_forbidden
S3_SECURE
  Extra inputs are not permitted [type=extra_forbidden, input_value='True', input_type=str]
    For further information visit https://errors.pydantic.dev/2.5/v/extra_forbidden
OCR_BASE_URL
  Extra inputs are not permitted [type=extra_forbidden, input_value='https://ocr.fortebank.com/v2', input_type=str]
    For further information visit https://errors.pydantic.dev/2.5/v/extra_forbidden
LLM_ENDPOINT_URL
  Extra inputs are not permitted [type=extra_forbidden, input_value='https://dl-ai-dev-app01-...payment/out/completions', input_type=str]
    For further information visit https://errors.pydantic.dev/2.5/v/extra_forbidden
LOG_LEVEL
  Extra inputs are not permitted [type=extra_forbidden, input_value='INFO', input_type=str]
    For further information visit https://errors.pydantic.dev/2.5/v/extra_forbidden
WEBHOOK_URL
  Extra inputs are not permitted [type=extra_forbidden, input_value='https://dev-loan-api.for...ay/document-scan/result', input_type=str]
    For further information visit https://errors.pydantic.dev/2.5/v/extra_forbidden
WEBHOOK_USERNAME
  Extra inputs are not permitted [type=extra_forbidden, input_value='bank', input_type=str]
    For further information visit https://errors.pydantic.dev/2.5/v/extra_forbidden
WEBHOOK_PASSWORD
  Extra inputs are not permitted [type=extra_forbidden, input_value='bank', input_type=str]
    For further information visit https://errors.pydantic.dev/2.5/v/extra_forbidden
WEBHOOK_TIMEOUT
  Extra inputs are not permitted [type=extra_forbidden, input_value='10.0', input_type=str]
    For further information visit https://errors.pydantic.dev/2.5/v/extra_forbidden
[2025-12-25 16:39:45 +0500] [10] [INFO] Worker exiting (pid: 10)
[2025-12-25 16:39:45 +0500] [1] [ERROR] Worker (pid:7) exited with code 3
[2025-12-25 16:39:45 +0500] [1] [ERROR] Worker (pid:8) was sent SIGTERM!
[2025-12-25 16:39:45 +0500] [1] [ERROR] Worker (pid:9) was sent SIGTERM!
[2025-12-25 16:39:45 +0500] [1] [ERROR] Worker (pid:10) was sent SIGTERM!
[2025-12-25 16:39:45 +0500] [1] [ERROR] Shutting down: Master
[2025-12-25 16:39:45 +0500] [1] [ERROR] Reason: Worker failed to boot.
[2025-12-25 16:39:46 +0500] [1] [INFO] Starting gunicorn 21.2.0
[2025-12-25 16:39:46 +0500] [1] [INFO] Listening at: http://0.0.0.0:8000 (1)
[2025-12-25 16:39:46 +0500] [1] [INFO] Using worker: uvicorn.workers.UvicornWorker
[2025-12-25 16:39:46 +0500] [7] [INFO] Booting worker with pid: 7
[2025-12-25 16:39:46 +0500] [8] [INFO] Booting worker with pid: 8
[2025-12-25 16:39:46 +0500] [9] [INFO] Booting worker with pid: 9
[2025-12-25 16:39:46 +0500] [10] [INFO] Booting worker with pid: 10
[2025-12-25 16:39:47 +0500] [7] [ERROR] Exception in worker process
Traceback (most recent call last):
  File "/usr/local/lib/python3.11/site-packages/gunicorn/arbiter.py", line 609, in spawn_worker
    worker.init_process()
  File "/usr/local/lib/python3.11/site-packages/uvicorn/workers.py", line 66, in init_process
    super(UvicornWorker, self).init_process()
  File "/usr/local/lib/python3.11/site-packages/gunicorn/workers/base.py", line 134, in init_process
    self.load_wsgi()
  File "/usr/local/lib/python3.11/site-packages/gunicorn/workers/base.py", line 146, in load_wsgi
    self.wsgi = self.app.wsgi()
                ^^^^^^^^^^^^^^^
  File "/usr/local/lib/python3.11/site-packages/gunicorn/app/base.py", line 67, in wsgi
    self.callable = self.load()
                    ^^^^^^^^^^^
  File "/usr/local/lib/python3.11/site-packages/gunicorn/app/wsgiapp.py", line 58, in load
    return self.load_wsgiapp()
           ^^^^^^^^^^^^^^^^^^^
  File "/usr/local/lib/python3.11/site-packages/gunicorn/app/wsgiapp.py", line 48, in load_wsgiapp
    return util.import_app(self.app_uri)
           ^^^^^^^^^^^^^^^^^^^^^^^^^^^^^
  File "/usr/local/lib/python3.11/site-packages/gunicorn/util.py", line 371, in import_app
    mod = importlib.import_module(module)
          ^^^^^^^^^^^^^^^^^^^^^^^^^^^^^^^
  File "/usr/local/lib/python3.11/importlib/__init__.py", line 126, in import_module
    return _bootstrap._gcd_import(name[level:], package, level)
           ^^^^^^^^^^^^^^^^^^^^^^^^^^^^^^^^^^^^^^^^^^^^^^^^^^^^
  File "<frozen importlib._bootstrap>", line 1204, in _gcd_import
  File "<frozen importlib._bootstrap>", line 1176, in _find_and_load
  File "<frozen importlib._bootstrap>", line 1147, in _find_and_load_unlocked
  File "<frozen importlib._bootstrap>", line 690, in _load_unlocked
  File "<frozen importlib._bootstrap_external>", line 940, in exec_module
  File "<frozen importlib._bootstrap>", line 241, in _call_with_frames_removed
  File "/app/main.py", line 9, in <module>
    from api.routes import health, kafka, verify
  File "/app/api/routes/health.py", line 2, in <module>
    from core.dependencies import get_db_manager
  File "/app/core/dependencies.py", line 9, in <module>
    from services.webhook_client import WebhookClient
  File "/app/services/webhook_client.py", line 5, in <module>
    from core.settings import webhook_settings
  File "/app/core/settings.py", line 87, in <module>
    db_settings = DatabaseSettings()
                  ^^^^^^^^^^^^^^^^^^
  File "/usr/local/lib/python3.11/site-packages/pydantic_settings/main.py", line 71, in __init__
    super().__init__(
  File "/usr/local/lib/python3.11/site-packages/pydantic/main.py", line 164, in __init__
    __pydantic_self__.__pydantic_validator__.validate_python(data, self_instance=__pydantic_self__)
pydantic_core._pydantic_core.ValidationError: 13 validation errors for DatabaseSettings
TZ
  Extra inputs are not permitted [type=extra_forbidden, input_value='Asia/Almaty', input_type=str]
    For further information visit https://errors.pydantic.dev/2.5/v/extra_forbidden
S3_ENDPOINT
  Extra inputs are not permitted [type=extra_forbidden, input_value='s3-dev.fortebank.com:9443', input_type=str]
    For further information visit https://errors.pydantic.dev/2.5/v/extra_forbidden
S3_ACCESS_KEY
  Extra inputs are not permitted [type=extra_forbidden, input_value='fyz13d2czRW7l4sBW8gD', input_type=str]
    For further information visit https://errors.pydantic.dev/2.5/v/extra_forbidden
S3_SECRET_KEY
  Extra inputs are not permitted [type=extra_forbidden, input_value='1ixYVVoZKSnG0rwfvTy0vnqQplupXOOn8DF9gS1A', input_type=str]
    For further information visit https://errors.pydantic.dev/2.5/v/extra_forbidden
S3_BUCKET
  Extra inputs are not permitted [type=extra_forbidden, input_value='loan-statements-dev', input_type=str]
    For further information visit https://errors.pydantic.dev/2.5/v/extra_forbidden
S3_SECURE
  Extra inputs are not permitted [type=extra_forbidden, input_value='True', input_type=str]
    For further information visit https://errors.pydantic.dev/2.5/v/extra_forbidden
OCR_BASE_URL
  Extra inputs are not permitted [type=extra_forbidden, input_value='https://ocr.fortebank.com/v2', input_type=str]
    For further information visit https://errors.pydantic.dev/2.5/v/extra_forbidden
LLM_ENDPOINT_URL
  Extra inputs are not permitted [type=extra_forbidden, input_value='https://dl-ai-dev-app01-...payment/out/completions', input_type=str]
    For further information visit https://errors.pydantic.dev/2.5/v/extra_forbidden
LOG_LEVEL
  Extra inputs are not permitted [type=extra_forbidden, input_value='INFO', input_type=str]
    For further information visit https://errors.pydantic.dev/2.5/v/extra_forbidden
WEBHOOK_URL
  Extra inputs are not permitted [type=extra_forbidden, input_value='https://dev-loan-api.for...ay/document-scan/result', input_type=str]
    For further information visit https://errors.pydantic.dev/2.5/v/extra_forbidden
WEBHOOK_USERNAME
  Extra inputs are not permitted [type=extra_forbidden, input_value='bank', input_type=str]
    For further information visit https://errors.pydantic.dev/2.5/v/extra_forbidden
WEBHOOK_PASSWORD
  Extra inputs are not permitted [type=extra_forbidden, input_value='bank', input_type=str]
    For further information visit https://errors.pydantic.dev/2.5/v/extra_forbidden
WEBHOOK_TIMEOUT
  Extra inputs are not permitted [type=extra_forbidden, input_value='10.0', input_type=str]
    For further information visit https://errors.pydantic.dev/2.5/v/extra_forbidden
[2025-12-25 16:39:47 +0500] [7] [INFO] Worker exiting (pid: 7)
[2025-12-25 16:39:47 +0500] [8] [ERROR] Exception in worker process
Traceback (most recent call last):
  File "/usr/local/lib/python3.11/site-packages/gunicorn/arbiter.py", line 609, in spawn_worker
    worker.init_process()
  File "/usr/local/lib/python3.11/site-packages/uvicorn/workers.py", line 66, in init_process
    super(UvicornWorker, self).init_process()
  File "/usr/local/lib/python3.11/site-packages/gunicorn/workers/base.py", line 134, in init_process
    self.load_wsgi()
  File "/usr/local/lib/python3.11/site-packages/gunicorn/workers/base.py", line 146, in load_wsgi
    self.wsgi = self.app.wsgi()
                ^^^^^^^^^^^^^^^
  File "/usr/local/lib/python3.11/site-packages/gunicorn/app/base.py", line 67, in wsgi
    self.callable = self.load()
                    ^^^^^^^^^^^
  File "/usr/local/lib/python3.11/site-packages/gunicorn/app/wsgiapp.py", line 58, in load
    return self.load_wsgiapp()
           ^^^^^^^^^^^^^^^^^^^
  File "/usr/local/lib/python3.11/site-packages/gunicorn/app/wsgiapp.py", line 48, in load_wsgiapp
    return util.import_app(self.app_uri)
           ^^^^^^^^^^^^^^^^^^^^^^^^^^^^^
  File "/usr/local/lib/python3.11/site-packages/gunicorn/util.py", line 371, in import_app
    mod = importlib.import_module(module)
          ^^^^^^^^^^^^^^^^^^^^^^^^^^^^^^^
  File "/usr/local/lib/python3.11/importlib/__init__.py", line 126, in import_module
    return _bootstrap._gcd_import(name[level:], package, level)
           ^^^^^^^^^^^^^^^^^^^^^^^^^^^^^^^^^^^^^^^^^^^^^^^^^^^^
  File "<frozen importlib._bootstrap>", line 1204, in _gcd_import
  File "<frozen importlib._bootstrap>", line 1176, in _find_and_load
  File "<frozen importlib._bootstrap>", line 1147, in _find_and_load_unlocked
  File "<frozen importlib._bootstrap>", line 690, in _load_unlocked
  File "<frozen importlib._bootstrap_external>", line 940, in exec_module
  File "<frozen importlib._bootstrap>", line 241, in _call_with_frames_removed
  File "/app/main.py", line 9, in <module>
    from api.routes import health, kafka, verify
  File "/app/api/routes/health.py", line 2, in <module>
    from core.dependencies import get_db_manager
  File "/app/core/dependencies.py", line 9, in <module>
    from services.webhook_client import WebhookClient
  File "/app/services/webhook_client.py", line 5, in <module>
    from core.settings import webhook_settings
  File "/app/core/settings.py", line 87, in <module>
    db_settings = DatabaseSettings()
                  ^^^^^^^^^^^^^^^^^^
  File "/usr/local/lib/python3.11/site-packages/pydantic_settings/main.py", line 71, in __init__
    super().__init__(
  File "/usr/local/lib/python3.11/site-packages/pydantic/main.py", line 164, in __init__
    __pydantic_self__.__pydantic_validator__.validate_python(data, self_instance=__pydantic_self__)
pydantic_core._pydantic_core.ValidationError: 13 validation errors for DatabaseSettings
TZ
  Extra inputs are not permitted [type=extra_forbidden, input_value='Asia/Almaty', input_type=str]
    For further information visit https://errors.pydantic.dev/2.5/v/extra_forbidden
S3_ENDPOINT
  Extra inputs are not permitted [type=extra_forbidden, input_value='s3-dev.fortebank.com:9443', input_type=str]
    For further information visit https://errors.pydantic.dev/2.5/v/extra_forbidden
S3_ACCESS_KEY
  Extra inputs are not permitted [type=extra_forbidden, input_value='fyz13d2czRW7l4sBW8gD', input_type=str]
    For further information visit https://errors.pydantic.dev/2.5/v/extra_forbidden
S3_SECRET_KEY
  Extra inputs are not permitted [type=extra_forbidden, input_value='1ixYVVoZKSnG0rwfvTy0vnqQplupXOOn8DF9gS1A', input_type=str]
    For further information visit https://errors.pydantic.dev/2.5/v/extra_forbidden
S3_BUCKET
  Extra inputs are not permitted [type=extra_forbidden, input_value='loan-statements-dev', input_type=str]
    For further information visit https://errors.pydantic.dev/2.5/v/extra_forbidden
S3_SECURE
  Extra inputs are not permitted [type=extra_forbidden, input_value='True', input_type=str]
    For further information visit https://errors.pydantic.dev/2.5/v/extra_forbidden
OCR_BASE_URL
  Extra inputs are not permitted [type=extra_forbidden, input_value='https://ocr.fortebank.com/v2', input_type=str]
    For further information visit https://errors.pydantic.dev/2.5/v/extra_forbidden
LLM_ENDPOINT_URL
  Extra inputs are not permitted [type=extra_forbidden, input_value='https://dl-ai-dev-app01-...payment/out/completions', input_type=str]
    For further information visit https://errors.pydantic.dev/2.5/v/extra_forbidden
LOG_LEVEL
  Extra inputs are not permitted [type=extra_forbidden, input_value='INFO', input_type=str]
    For further information visit https://errors.pydantic.dev/2.5/v/extra_forbidden
WEBHOOK_URL
  Extra inputs are not permitted [type=extra_forbidden, input_value='https://dev-loan-api.for...ay/document-scan/result', input_type=str]
    For further information visit https://errors.pydantic.dev/2.5/v/extra_forbidden
WEBHOOK_USERNAME
  Extra inputs are not permitted [type=extra_forbidden, input_value='bank', input_type=str]
    For further information visit https://errors.pydantic.dev/2.5/v/extra_forbidden
WEBHOOK_PASSWORD
  Extra inputs are not permitted [type=extra_forbidden, input_value='bank', input_type=str]
    For further information visit https://errors.pydantic.dev/2.5/v/extra_forbidden
WEBHOOK_TIMEOUT
  Extra inputs are not permitted [type=extra_forbidden, input_value='10.0', input_type=str]
    For further information visit https://errors.pydantic.dev/2.5/v/extra_forbidden
[2025-12-25 16:39:47 +0500] [8] [INFO] Worker exiting (pid: 8)
[2025-12-25 16:39:47 +0500] [9] [ERROR] Exception in worker process
Traceback (most recent call last):
  File "/usr/local/lib/python3.11/site-packages/gunicorn/arbiter.py", line 609, in spawn_worker
    worker.init_process()
  File "/usr/local/lib/python3.11/site-packages/uvicorn/workers.py", line 66, in init_process
    super(UvicornWorker, self).init_process()
  File "/usr/local/lib/python3.11/site-packages/gunicorn/workers/base.py", line 134, in init_process
    self.load_wsgi()
  File "/usr/local/lib/python3.11/site-packages/gunicorn/workers/base.py", line 146, in load_wsgi
    self.wsgi = self.app.wsgi()
                ^^^^^^^^^^^^^^^
  File "/usr/local/lib/python3.11/site-packages/gunicorn/app/base.py", line 67, in wsgi
    self.callable = self.load()
                    ^^^^^^^^^^^
  File "/usr/local/lib/python3.11/site-packages/gunicorn/app/wsgiapp.py", line 58, in load
    return self.load_wsgiapp()
           ^^^^^^^^^^^^^^^^^^^
  File "/usr/local/lib/python3.11/site-packages/gunicorn/app/wsgiapp.py", line 48, in load_wsgiapp
    return util.import_app(self.app_uri)
           ^^^^^^^^^^^^^^^^^^^^^^^^^^^^^
  File "/usr/local/lib/python3.11/site-packages/gunicorn/util.py", line 371, in import_app
    mod = importlib.import_module(module)
          ^^^^^^^^^^^^^^^^^^^^^^^^^^^^^^^
  File "/usr/local/lib/python3.11/importlib/__init__.py", line 126, in import_module
    return _bootstrap._gcd_import(name[level:], package, level)
           ^^^^^^^^^^^^^^^^^^^^^^^^^^^^^^^^^^^^^^^^^^^^^^^^^^^^
  File "<frozen importlib._bootstrap>", line 1204, in _gcd_import
  File "<frozen importlib._bootstrap>", line 1176, in _find_and_load
  File "<frozen importlib._bootstrap>", line 1147, in _find_and_load_unlocked
  File "<frozen importlib._bootstrap>", line 690, in _load_unlocked
  File "<frozen importlib._bootstrap_external>", line 940, in exec_module
  File "<frozen importlib._bootstrap>", line 241, in _call_with_frames_removed
  File "/app/main.py", line 9, in <module>
    from api.routes import health, kafka, verify
  File "/app/api/routes/health.py", line 2, in <module>
    from core.dependencies import get_db_manager
  File "/app/core/dependencies.py", line 9, in <module>
    from services.webhook_client import WebhookClient
  File "/app/services/webhook_client.py", line 5, in <module>
    from core.settings import webhook_settings
  File "/app/core/settings.py", line 87, in <module>
    db_settings = DatabaseSettings()
                  ^^^^^^^^^^^^^^^^^^
  File "/usr/local/lib/python3.11/site-packages/pydantic_settings/main.py", line 71, in __init__
    super().__init__(
  File "/usr/local/lib/python3.11/site-packages/pydantic/main.py", line 164, in __init__
    __pydantic_self__.__pydantic_validator__.validate_python(data, self_instance=__pydantic_self__)
pydantic_core._pydantic_core.ValidationError: 13 validation errors for DatabaseSettings
TZ
  Extra inputs are not permitted [type=extra_forbidden, input_value='Asia/Almaty', input_type=str]
    For further information visit https://errors.pydantic.dev/2.5/v/extra_forbidden
S3_ENDPOINT
  Extra inputs are not permitted [type=extra_forbidden, input_value='s3-dev.fortebank.com:9443', input_type=str]
    For further information visit https://errors.pydantic.dev/2.5/v/extra_forbidden
S3_ACCESS_KEY
  Extra inputs are not permitted [type=extra_forbidden, input_value='fyz13d2czRW7l4sBW8gD', input_type=str]
    For further information visit https://errors.pydantic.dev/2.5/v/extra_forbidden
S3_SECRET_KEY
  Extra inputs are not permitted [type=extra_forbidden, input_value='1ixYVVoZKSnG0rwfvTy0vnqQplupXOOn8DF9gS1A', input_type=str]
    For further information visit https://errors.pydantic.dev/2.5/v/extra_forbidden
S3_BUCKET
  Extra inputs are not permitted [type=extra_forbidden, input_value='loan-statements-dev', input_type=str]
    For further information visit https://errors.pydantic.dev/2.5/v/extra_forbidden
S3_SECURE
  Extra inputs are not permitted [type=extra_forbidden, input_value='True', input_type=str]
    For further information visit https://errors.pydantic.dev/2.5/v/extra_forbidden
OCR_BASE_URL
  Extra inputs are not permitted [type=extra_forbidden, input_value='https://ocr.fortebank.com/v2', input_type=str]
    For further information visit https://errors.pydantic.dev/2.5/v/extra_forbidden
LLM_ENDPOINT_URL
  Extra inputs are not permitted [type=extra_forbidden, input_value='https://dl-ai-dev-app01-...payment/out/completions', input_type=str]
    For further information visit https://errors.pydantic.dev/2.5/v/extra_forbidden
LOG_LEVEL
  Extra inputs are not permitted [type=extra_forbidden, input_value='INFO', input_type=str]
    For further information visit https://errors.pydantic.dev/2.5/v/extra_forbidden
WEBHOOK_URL
  Extra inputs are not permitted [type=extra_forbidden, input_value='https://dev-loan-api.for...ay/document-scan/result', input_type=str]
    For further information visit https://errors.pydantic.dev/2.5/v/extra_forbidden
WEBHOOK_USERNAME
  Extra inputs are not permitted [type=extra_forbidden, input_value='bank', input_type=str]
    For further information visit https://errors.pydantic.dev/2.5/v/extra_forbidden
WEBHOOK_PASSWORD
  Extra inputs are not permitted [type=extra_forbidden, input_value='bank', input_type=str]
    For further information visit https://errors.pydantic.dev/2.5/v/extra_forbidden
WEBHOOK_TIMEOUT
  Extra inputs are not permitted [type=extra_forbidden, input_value='10.0', input_type=str]
    For further information visit https://errors.pydantic.dev/2.5/v/extra_forbidden
[2025-12-25 16:39:47 +0500] [9] [INFO] Worker exiting (pid: 9)
[2025-12-25 16:39:47 +0500] [1] [ERROR] Worker (pid:7) exited with code 3
[2025-12-25 16:39:47 +0500] [1] [ERROR] Worker (pid:10) was sent SIGTERM!
[2025-12-25 16:39:47 +0500] [1] [ERROR] Worker (pid:8) was sent SIGTERM!
[2025-12-25 16:39:47 +0500] [1] [ERROR] Worker (pid:9) was sent SIGTERM!
[2025-12-25 16:39:47 +0500] [1] [ERROR] Shutting down: Master
[2025-12-25 16:39:47 +0500] [1] [ERROR] Reason: Worker failed to boot.
[2025-12-25 16:39:48 +0500] [1] [INFO] Starting gunicorn 21.2.0
[2025-12-25 16:39:48 +0500] [1] [INFO] Listening at: http://0.0.0.0:8000 (1)
[2025-12-25 16:39:48 +0500] [1] [INFO] Using worker: uvicorn.workers.UvicornWorker
[2025-12-25 16:39:48 +0500] [7] [INFO] Booting worker with pid: 7
[2025-12-25 16:39:48 +0500] [8] [INFO] Booting worker with pid: 8
[2025-12-25 16:39:48 +0500] [9] [INFO] Booting worker with pid: 9
[2025-12-25 16:39:48 +0500] [10] [INFO] Booting worker with pid: 10
[2025-12-25 16:39:49 +0500] [8] [ERROR] Exception in worker process
Traceback (most recent call last):
  File "/usr/local/lib/python3.11/site-packages/gunicorn/arbiter.py", line 609, in spawn_worker
    worker.init_process()
  File "/usr/local/lib/python3.11/site-packages/uvicorn/workers.py", line 66, in init_process
    super(UvicornWorker, self).init_process()
  File "/usr/local/lib/python3.11/site-packages/gunicorn/workers/base.py", line 134, in init_process
    self.load_wsgi()
  File "/usr/local/lib/python3.11/site-packages/gunicorn/workers/base.py", line 146, in load_wsgi
    self.wsgi = self.app.wsgi()
                ^^^^^^^^^^^^^^^
  File "/usr/local/lib/python3.11/site-packages/gunicorn/app/base.py", line 67, in wsgi
    self.callable = self.load()
                    ^^^^^^^^^^^
  File "/usr/local/lib/python3.11/site-packages/gunicorn/app/wsgiapp.py", line 58, in load
    return self.load_wsgiapp()
           ^^^^^^^^^^^^^^^^^^^
  File "/usr/local/lib/python3.11/site-packages/gunicorn/app/wsgiapp.py", line 48, in load_wsgiapp
    return util.import_app(self.app_uri)
           ^^^^^^^^^^^^^^^^^^^^^^^^^^^^^
  File "/usr/local/lib/python3.11/site-packages/gunicorn/util.py", line 371, in import_app
    mod = importlib.import_module(module)
          ^^^^^^^^^^^^^^^^^^^^^^^^^^^^^^^
  File "/usr/local/lib/python3.11/importlib/__init__.py", line 126, in import_module
    return _bootstrap._gcd_import(name[level:], package, level)
           ^^^^^^^^^^^^^^^^^^^^^^^^^^^^^^^^^^^^^^^^^^^^^^^^^^^^
  File "<frozen importlib._bootstrap>", line 1204, in _gcd_import
  File "<frozen importlib._bootstrap>", line 1176, in _find_and_load
  File "<frozen importlib._bootstrap>", line 1147, in _find_and_load_unlocked
  File "<frozen importlib._bootstrap>", line 690, in _load_unlocked
  File "<frozen importlib._bootstrap_external>", line 940, in exec_module
  File "<frozen importlib._bootstrap>", line 241, in _call_with_frames_removed
  File "/app/main.py", line 9, in <module>
    from api.routes import health, kafka, verify
  File "/app/api/routes/health.py", line 2, in <module>
    from core.dependencies import get_db_manager
  File "/app/core/dependencies.py", line 9, in <module>
    from services.webhook_client import WebhookClient
  File "/app/services/webhook_client.py", line 5, in <module>
    from core.settings import webhook_settings
  File "/app/core/settings.py", line 87, in <module>
    db_settings = DatabaseSettings()
                  ^^^^^^^^^^^^^^^^^^
  File "/usr/local/lib/python3.11/site-packages/pydantic_settings/main.py", line 71, in __init__
    super().__init__(
  File "/usr/local/lib/python3.11/site-packages/pydantic/main.py", line 164, in __init__
    __pydantic_self__.__pydantic_validator__.validate_python(data, self_instance=__pydantic_self__)
pydantic_core._pydantic_core.ValidationError: 13 validation errors for DatabaseSettings
TZ
  Extra inputs are not permitted [type=extra_forbidden, input_value='Asia/Almaty', input_type=str]
    For further information visit https://errors.pydantic.dev/2.5/v/extra_forbidden
S3_ENDPOINT
  Extra inputs are not permitted [type=extra_forbidden, input_value='s3-dev.fortebank.com:9443', input_type=str]
    For further information visit https://errors.pydantic.dev/2.5/v/extra_forbidden
S3_ACCESS_KEY
  Extra inputs are not permitted [type=extra_forbidden, input_value='fyz13d2czRW7l4sBW8gD', input_type=str]
    For further information visit https://errors.pydantic.dev/2.5/v/extra_forbidden
S3_SECRET_KEY
  Extra inputs are not permitted [type=extra_forbidden, input_value='1ixYVVoZKSnG0rwfvTy0vnqQplupXOOn8DF9gS1A', input_type=str]
    For further information visit https://errors.pydantic.dev/2.5/v/extra_forbidden
S3_BUCKET
  Extra inputs are not permitted [type=extra_forbidden, input_value='loan-statements-dev', input_type=str]
    For further information visit https://errors.pydantic.dev/2.5/v/extra_forbidden
S3_SECURE
  Extra inputs are not permitted [type=extra_forbidden, input_value='True', input_type=str]
    For further information visit https://errors.pydantic.dev/2.5/v/extra_forbidden
OCR_BASE_URL
  Extra inputs are not permitted [type=extra_forbidden, input_value='https://ocr.fortebank.com/v2', input_type=str]
    For further information visit https://errors.pydantic.dev/2.5/v/extra_forbidden
LLM_ENDPOINT_URL
  Extra inputs are not permitted [type=extra_forbidden, input_value='https://dl-ai-dev-app01-...payment/out/completions', input_type=str]
    For further information visit https://errors.pydantic.dev/2.5/v/extra_forbidden
LOG_LEVEL
  Extra inputs are not permitted [type=extra_forbidden, input_value='INFO', input_type=str]
    For further information visit https://errors.pydantic.dev/2.5/v/extra_forbidden
WEBHOOK_URL
  Extra inputs are not permitted [type=extra_forbidden, input_value='https://dev-loan-api.for...ay/document-scan/result', input_type=str]
    For further information visit https://errors.pydantic.dev/2.5/v/extra_forbidden
WEBHOOK_USERNAME
  Extra inputs are not permitted [type=extra_forbidden, input_value='bank', input_type=str]
    For further information visit https://errors.pydantic.dev/2.5/v/extra_forbidden
WEBHOOK_PASSWORD
  Extra inputs are not permitted [type=extra_forbidden, input_value='bank', input_type=str]
    For further information visit https://errors.pydantic.dev/2.5/v/extra_forbidden
WEBHOOK_TIMEOUT
  Extra inputs are not permitted [type=extra_forbidden, input_value='10.0', input_type=str]
    For further information visit https://errors.pydantic.dev/2.5/v/extra_forbidden
[2025-12-25 16:39:49 +0500] [8] [INFO] Worker exiting (pid: 8)
[2025-12-25 16:39:49 +0500] [7] [ERROR] Exception in worker process
Traceback (most recent call last):
  File "/usr/local/lib/python3.11/site-packages/gunicorn/arbiter.py", line 609, in spawn_worker
    worker.init_process()
  File "/usr/local/lib/python3.11/site-packages/uvicorn/workers.py", line 66, in init_process
    super(UvicornWorker, self).init_process()
  File "/usr/local/lib/python3.11/site-packages/gunicorn/workers/base.py", line 134, in init_process
    self.load_wsgi()
  File "/usr/local/lib/python3.11/site-packages/gunicorn/workers/base.py", line 146, in load_wsgi
    self.wsgi = self.app.wsgi()
                ^^^^^^^^^^^^^^^
  File "/usr/local/lib/python3.11/site-packages/gunicorn/app/base.py", line 67, in wsgi
    self.callable = self.load()
                    ^^^^^^^^^^^
  File "/usr/local/lib/python3.11/site-packages/gunicorn/app/wsgiapp.py", line 58, in load
    return self.load_wsgiapp()
           ^^^^^^^^^^^^^^^^^^^
  File "/usr/local/lib/python3.11/site-packages/gunicorn/app/wsgiapp.py", line 48, in load_wsgiapp
    return util.import_app(self.app_uri)
           ^^^^^^^^^^^^^^^^^^^^^^^^^^^^^
  File "/usr/local/lib/python3.11/site-packages/gunicorn/util.py", line 371, in import_app
    mod = importlib.import_module(module)
          ^^^^^^^^^^^^^^^^^^^^^^^^^^^^^^^
  File "/usr/local/lib/python3.11/importlib/__init__.py", line 126, in import_module
    return _bootstrap._gcd_import(name[level:], package, level)
           ^^^^^^^^^^^^^^^^^^^^^^^^^^^^^^^^^^^^^^^^^^^^^^^^^^^^
  File "<frozen importlib._bootstrap>", line 1204, in _gcd_import
  File "<frozen importlib._bootstrap>", line 1176, in _find_and_load
  File "<frozen importlib._bootstrap>", line 1147, in _find_and_load_unlocked
  File "<frozen importlib._bootstrap>", line 690, in _load_unlocked
  File "<frozen importlib._bootstrap_external>", line 940, in exec_module
  File "<frozen importlib._bootstrap>", line 241, in _call_with_frames_removed
  File "/app/main.py", line 9, in <module>
    from api.routes import health, kafka, verify
  File "/app/api/routes/health.py", line 2, in <module>
    from core.dependencies import get_db_manager
  File "/app/core/dependencies.py", line 9, in <module>
    from services.webhook_client import WebhookClient
  File "/app/services/webhook_client.py", line 5, in <module>
    from core.settings import webhook_settings
  File "/app/core/settings.py", line 87, in <module>
    db_settings = DatabaseSettings()
                  ^^^^^^^^^^^^^^^^^^
  File "/usr/local/lib/python3.11/site-packages/pydantic_settings/main.py", line 71, in __init__
    super().__init__(
  File "/usr/local/lib/python3.11/site-packages/pydantic/main.py", line 164, in __init__
    __pydantic_self__.__pydantic_validator__.validate_python(data, self_instance=__pydantic_self__)
pydantic_core._pydantic_core.ValidationError: 13 validation errors for DatabaseSettings
TZ
  Extra inputs are not permitted [type=extra_forbidden, input_value='Asia/Almaty', input_type=str]
    For further information visit https://errors.pydantic.dev/2.5/v/extra_forbidden
S3_ENDPOINT
  Extra inputs are not permitted [type=extra_forbidden, input_value='s3-dev.fortebank.com:9443', input_type=str]
    For further information visit https://errors.pydantic.dev/2.5/v/extra_forbidden
S3_ACCESS_KEY
  Extra inputs are not permitted [type=extra_forbidden, input_value='fyz13d2czRW7l4sBW8gD', input_type=str]
    For further information visit https://errors.pydantic.dev/2.5/v/extra_forbidden
S3_SECRET_KEY
  Extra inputs are not permitted [type=extra_forbidden, input_value='1ixYVVoZKSnG0rwfvTy0vnqQplupXOOn8DF9gS1A', input_type=str]
    For further information visit https://errors.pydantic.dev/2.5/v/extra_forbidden
S3_BUCKET
  Extra inputs are not permitted [type=extra_forbidden, input_value='loan-statements-dev', input_type=str]
    For further information visit https://errors.pydantic.dev/2.5/v/extra_forbidden
S3_SECURE
  Extra inputs are not permitted [type=extra_forbidden, input_value='True', input_type=str]
    For further information visit https://errors.pydantic.dev/2.5/v/extra_forbidden
OCR_BASE_URL
  Extra inputs are not permitted [type=extra_forbidden, input_value='https://ocr.fortebank.com/v2', input_type=str]
    For further information visit https://errors.pydantic.dev/2.5/v/extra_forbidden
LLM_ENDPOINT_URL
  Extra inputs are not permitted [type=extra_forbidden, input_value='https://dl-ai-dev-app01-...payment/out/completions', input_type=str]
    For further information visit https://errors.pydantic.dev/2.5/v/extra_forbidden
LOG_LEVEL
  Extra inputs are not permitted [type=extra_forbidden, input_value='INFO', input_type=str]
    For further information visit https://errors.pydantic.dev/2.5/v/extra_forbidden
WEBHOOK_URL
  Extra inputs are not permitted [type=extra_forbidden, input_value='https://dev-loan-api.for...ay/document-scan/result', input_type=str]
    For further information visit https://errors.pydantic.dev/2.5/v/extra_forbidden
WEBHOOK_USERNAME
  Extra inputs are not permitted [type=extra_forbidden, input_value='bank', input_type=str]
    For further information visit https://errors.pydantic.dev/2.5/v/extra_forbidden
WEBHOOK_PASSWORD
  Extra inputs are not permitted [type=extra_forbidden, input_value='bank', input_type=str]
    For further information visit https://errors.pydantic.dev/2.5/v/extra_forbidden
WEBHOOK_TIMEOUT
  Extra inputs are not permitted [type=extra_forbidden, input_value='10.0', input_type=str]
    For further information visit https://errors.pydantic.dev/2.5/v/extra_forbidden
[2025-12-25 16:39:49 +0500] [7] [INFO] Worker exiting (pid: 7)
[2025-12-25 16:39:49 +0500] [1] [ERROR] Worker (pid:8) exited with code 3
[2025-12-25 16:39:49 +0500] [1] [ERROR] Worker (pid:7) was sent SIGTERM!
[2025-12-25 16:39:49 +0500] [1] [ERROR] Worker (pid:10) was sent SIGTERM!
[2025-12-25 16:39:49 +0500] [1] [ERROR] Worker (pid:9) was sent SIGTERM!
[2025-12-25 16:39:49 +0500] [1] [ERROR] Shutting down: Master
[2025-12-25 16:39:49 +0500] [1] [ERROR] Reason: Worker failed to boot.
[2025-12-25 16:39:50 +0500] [1] [INFO] Starting gunicorn 21.2.0
[2025-12-25 16:39:50 +0500] [1] [INFO] Listening at: http://0.0.0.0:8000 (1)
[2025-12-25 16:39:50 +0500] [1] [INFO] Using worker: uvicorn.workers.UvicornWorker
[2025-12-25 16:39:50 +0500] [7] [INFO] Booting worker with pid: 7
[2025-12-25 16:39:50 +0500] [8] [INFO] Booting worker with pid: 8
[2025-12-25 16:39:50 +0500] [9] [INFO] Booting worker with pid: 9
[2025-12-25 16:39:50 +0500] [10] [INFO] Booting worker with pid: 10
[2025-12-25 16:39:51 +0500] [7] [ERROR] Exception in worker process
Traceback (most recent call last):
  File "/usr/local/lib/python3.11/site-packages/gunicorn/arbiter.py", line 609, in spawn_worker
    worker.init_process()
  File "/usr/local/lib/python3.11/site-packages/uvicorn/workers.py", line 66, in init_process
    super(UvicornWorker, self).init_process()
  File "/usr/local/lib/python3.11/site-packages/gunicorn/workers/base.py", line 134, in init_process
    self.load_wsgi()
  File "/usr/local/lib/python3.11/site-packages/gunicorn/workers/base.py", line 146, in load_wsgi
    self.wsgi = self.app.wsgi()
                ^^^^^^^^^^^^^^^
  File "/usr/local/lib/python3.11/site-packages/gunicorn/app/base.py", line 67, in wsgi
    self.callable = self.load()
                    ^^^^^^^^^^^
  File "/usr/local/lib/python3.11/site-packages/gunicorn/app/wsgiapp.py", line 58, in load
    return self.load_wsgiapp()
           ^^^^^^^^^^^^^^^^^^^
  File "/usr/local/lib/python3.11/site-packages/gunicorn/app/wsgiapp.py", line 48, in load_wsgiapp
    return util.import_app(self.app_uri)
           ^^^^^^^^^^^^^^^^^^^^^^^^^^^^^
  File "/usr/local/lib/python3.11/site-packages/gunicorn/util.py", line 371, in import_app
    mod = importlib.import_module(module)
          ^^^^^^^^^^^^^^^^^^^^^^^^^^^^^^^
  File "/usr/local/lib/python3.11/importlib/__init__.py", line 126, in import_module
    return _bootstrap._gcd_import(name[level:], package, level)
           ^^^^^^^^^^^^^^^^^^^^^^^^^^^^^^^^^^^^^^^^^^^^^^^^^^^^
  File "<frozen importlib._bootstrap>", line 1204, in _gcd_import
  File "<frozen importlib._bootstrap>", line 1176, in _find_and_load
  File "<frozen importlib._bootstrap>", line 1147, in _find_and_load_unlocked
  File "<frozen importlib._bootstrap>", line 690, in _load_unlocked
  File "<frozen importlib._bootstrap_external>", line 940, in exec_module
  File "<frozen importlib._bootstrap>", line 241, in _call_with_frames_removed
  File "/app/main.py", line 9, in <module>
    from api.routes import health, kafka, verify
  File "/app/api/routes/health.py", line 2, in <module>
    from core.dependencies import get_db_manager
  File "/app/core/dependencies.py", line 9, in <module>
    from services.webhook_client import WebhookClient
  File "/app/services/webhook_client.py", line 5, in <module>
    from core.settings import webhook_settings
  File "/app/core/settings.py", line 87, in <module>
    db_settings = DatabaseSettings()
                  ^^^^^^^^^^^^^^^^^^
  File "/usr/local/lib/python3.11/site-packages/pydantic_settings/main.py", line 71, in __init__
    super().__init__(
  File "/usr/local/lib/python3.11/site-packages/pydantic/main.py", line 164, in __init__
    __pydantic_self__.__pydantic_validator__.validate_python(data, self_instance=__pydantic_self__)
pydantic_core._pydantic_core.ValidationError: 13 validation errors for DatabaseSettings
TZ
  Extra inputs are not permitted [type=extra_forbidden, input_value='Asia/Almaty', input_type=str]
    For further information visit https://errors.pydantic.dev/2.5/v/extra_forbidden
S3_ENDPOINT
  Extra inputs are not permitted [type=extra_forbidden, input_value='s3-dev.fortebank.com:9443', input_type=str]
    For further information visit https://errors.pydantic.dev/2.5/v/extra_forbidden
S3_ACCESS_KEY
  Extra inputs are not permitted [type=extra_forbidden, input_value='fyz13d2czRW7l4sBW8gD', input_type=str]
    For further information visit https://errors.pydantic.dev/2.5/v/extra_forbidden
S3_SECRET_KEY
  Extra inputs are not permitted [type=extra_forbidden, input_value='1ixYVVoZKSnG0rwfvTy0vnqQplupXOOn8DF9gS1A', input_type=str]
    For further information visit https://errors.pydantic.dev/2.5/v/extra_forbidden
S3_BUCKET
  Extra inputs are not permitted [type=extra_forbidden, input_value='loan-statements-dev', input_type=str]
    For further information visit https://errors.pydantic.dev/2.5/v/extra_forbidden
S3_SECURE
  Extra inputs are not permitted [type=extra_forbidden, input_value='True', input_type=str]
    For further information visit https://errors.pydantic.dev/2.5/v/extra_forbidden
OCR_BASE_URL
  Extra inputs are not permitted [type=extra_forbidden, input_value='https://ocr.fortebank.com/v2', input_type=str]
    For further information visit https://errors.pydantic.dev/2.5/v/extra_forbidden
LLM_ENDPOINT_URL
  Extra inputs are not permitted [type=extra_forbidden, input_value='https://dl-ai-dev-app01-...payment/out/completions', input_type=str]
    For further information visit https://errors.pydantic.dev/2.5/v/extra_forbidden
LOG_LEVEL
  Extra inputs are not permitted [type=extra_forbidden, input_value='INFO', input_type=str]
    For further information visit https://errors.pydantic.dev/2.5/v/extra_forbidden
WEBHOOK_URL
  Extra inputs are not permitted [type=extra_forbidden, input_value='https://dev-loan-api.for...ay/document-scan/result', input_type=str]
    For further information visit https://errors.pydantic.dev/2.5/v/extra_forbidden
WEBHOOK_USERNAME
  Extra inputs are not permitted [type=extra_forbidden, input_value='bank', input_type=str]
    For further information visit https://errors.pydantic.dev/2.5/v/extra_forbidden
WEBHOOK_PASSWORD
  Extra inputs are not permitted [type=extra_forbidden, input_value='bank', input_type=str]
    For further information visit https://errors.pydantic.dev/2.5/v/extra_forbidden
WEBHOOK_TIMEOUT
  Extra inputs are not permitted [type=extra_forbidden, input_value='10.0', input_type=str]
    For further information visit https://errors.pydantic.dev/2.5/v/extra_forbidden
[2025-12-25 16:39:51 +0500] [7] [INFO] Worker exiting (pid: 7)
[2025-12-25 16:39:51 +0500] [8] [ERROR] Exception in worker process
Traceback (most recent call last):
  File "/usr/local/lib/python3.11/site-packages/gunicorn/arbiter.py", line 609, in spawn_worker
    worker.init_process()
  File "/usr/local/lib/python3.11/site-packages/uvicorn/workers.py", line 66, in init_process
    super(UvicornWorker, self).init_process()
  File "/usr/local/lib/python3.11/site-packages/gunicorn/workers/base.py", line 134, in init_process
    self.load_wsgi()
  File "/usr/local/lib/python3.11/site-packages/gunicorn/workers/base.py", line 146, in load_wsgi
    self.wsgi = self.app.wsgi()
                ^^^^^^^^^^^^^^^
  File "/usr/local/lib/python3.11/site-packages/gunicorn/app/base.py", line 67, in wsgi
    self.callable = self.load()
                    ^^^^^^^^^^^
  File "/usr/local/lib/python3.11/site-packages/gunicorn/app/wsgiapp.py", line 58, in load
    return self.load_wsgiapp()
           ^^^^^^^^^^^^^^^^^^^
  File "/usr/local/lib/python3.11/site-packages/gunicorn/app/wsgiapp.py", line 48, in load_wsgiapp
    return util.import_app(self.app_uri)
           ^^^^^^^^^^^^^^^^^^^^^^^^^^^^^
  File "/usr/local/lib/python3.11/site-packages/gunicorn/util.py", line 371, in import_app
    mod = importlib.import_module(module)
          ^^^^^^^^^^^^^^^^^^^^^^^^^^^^^^^
  File "/usr/local/lib/python3.11/importlib/__init__.py", line 126, in import_module
    return _bootstrap._gcd_import(name[level:], package, level)
           ^^^^^^^^^^^^^^^^^^^^^^^^^^^^^^^^^^^^^^^^^^^^^^^^^^^^
  File "<frozen importlib._bootstrap>", line 1204, in _gcd_import
  File "<frozen importlib._bootstrap>", line 1176, in _find_and_load
  File "<frozen importlib._bootstrap>", line 1147, in _find_and_load_unlocked
  File "<frozen importlib._bootstrap>", line 690, in _load_unlocked
  File "<frozen importlib._bootstrap_external>", line 940, in exec_module
  File "<frozen importlib._bootstrap>", line 241, in _call_with_frames_removed
  File "/app/main.py", line 9, in <module>
    from api.routes import health, kafka, verify
  File "/app/api/routes/health.py", line 2, in <module>
    from core.dependencies import get_db_manager
  File "/app/core/dependencies.py", line 9, in <module>
    from services.webhook_client import WebhookClient
  File "/app/services/webhook_client.py", line 5, in <module>
    from core.settings import webhook_settings
  File "/app/core/settings.py", line 87, in <module>
    db_settings = DatabaseSettings()
                  ^^^^^^^^^^^^^^^^^^
  File "/usr/local/lib/python3.11/site-packages/pydantic_settings/main.py", line 71, in __init__
    super().__init__(
  File "/usr/local/lib/python3.11/site-packages/pydantic/main.py", line 164, in __init__
    __pydantic_self__.__pydantic_validator__.validate_python(data, self_instance=__pydantic_self__)
pydantic_core._pydantic_core.ValidationError: 13 validation errors for DatabaseSettings
TZ
  Extra inputs are not permitted [type=extra_forbidden, input_value='Asia/Almaty', input_type=str]
    For further information visit https://errors.pydantic.dev/2.5/v/extra_forbidden
S3_ENDPOINT
  Extra inputs are not permitted [type=extra_forbidden, input_value='s3-dev.fortebank.com:9443', input_type=str]
    For further information visit https://errors.pydantic.dev/2.5/v/extra_forbidden
S3_ACCESS_KEY
  Extra inputs are not permitted [type=extra_forbidden, input_value='fyz13d2czRW7l4sBW8gD', input_type=str]
    For further information visit https://errors.pydantic.dev/2.5/v/extra_forbidden
S3_SECRET_KEY
  Extra inputs are not permitted [type=extra_forbidden, input_value='1ixYVVoZKSnG0rwfvTy0vnqQplupXOOn8DF9gS1A', input_type=str]
    For further information visit https://errors.pydantic.dev/2.5/v/extra_forbidden
S3_BUCKET
  Extra inputs are not permitted [type=extra_forbidden, input_value='loan-statements-dev', input_type=str]
    For further information visit https://errors.pydantic.dev/2.5/v/extra_forbidden
S3_SECURE
  Extra inputs are not permitted [type=extra_forbidden, input_value='True', input_type=str]
    For further information visit https://errors.pydantic.dev/2.5/v/extra_forbidden
OCR_BASE_URL
  Extra inputs are not permitted [type=extra_forbidden, input_value='https://ocr.fortebank.com/v2', input_type=str]
    For further information visit https://errors.pydantic.dev/2.5/v/extra_forbidden
LLM_ENDPOINT_URL
  Extra inputs are not permitted [type=extra_forbidden, input_value='https://dl-ai-dev-app01-...payment/out/completions', input_type=str]
    For further information visit https://errors.pydantic.dev/2.5/v/extra_forbidden
LOG_LEVEL
  Extra inputs are not permitted [type=extra_forbidden, input_value='INFO', input_type=str]
    For further information visit https://errors.pydantic.dev/2.5/v/extra_forbidden
WEBHOOK_URL
  Extra inputs are not permitted [type=extra_forbidden, input_value='https://dev-loan-api.for...ay/document-scan/result', input_type=str]
    For further information visit https://errors.pydantic.dev/2.5/v/extra_forbidden
WEBHOOK_USERNAME
  Extra inputs are not permitted [type=extra_forbidden, input_value='bank', input_type=str]
    For further information visit https://errors.pydantic.dev/2.5/v/extra_forbidden
WEBHOOK_PASSWORD
  Extra inputs are not permitted [type=extra_forbidden, input_value='bank', input_type=str]
    For further information visit https://errors.pydantic.dev/2.5/v/extra_forbidden
WEBHOOK_TIMEOUT
  Extra inputs are not permitted [type=extra_forbidden, input_value='10.0', input_type=str]
    For further information visit https://errors.pydantic.dev/2.5/v/extra_forbidden
[2025-12-25 16:39:51 +0500] [8] [INFO] Worker exiting (pid: 8)
[2025-12-25 16:39:51 +0500] [9] [ERROR] Exception in worker process
Traceback (most recent call last):
  File "/usr/local/lib/python3.11/site-packages/gunicorn/arbiter.py", line 609, in spawn_worker
    worker.init_process()
  File "/usr/local/lib/python3.11/site-packages/uvicorn/workers.py", line 66, in init_process
    super(UvicornWorker, self).init_process()
  File "/usr/local/lib/python3.11/site-packages/gunicorn/workers/base.py", line 134, in init_process
    self.load_wsgi()
  File "/usr/local/lib/python3.11/site-packages/gunicorn/workers/base.py", line 146, in load_wsgi
    self.wsgi = self.app.wsgi()
                ^^^^^^^^^^^^^^^
  File "/usr/local/lib/python3.11/site-packages/gunicorn/app/base.py", line 67, in wsgi
    self.callable = self.load()
                    ^^^^^^^^^^^
  File "/usr/local/lib/python3.11/site-packages/gunicorn/app/wsgiapp.py", line 58, in load
    return self.load_wsgiapp()
           ^^^^^^^^^^^^^^^^^^^
  File "/usr/local/lib/python3.11/site-packages/gunicorn/app/wsgiapp.py", line 48, in load_wsgiapp
    return util.import_app(self.app_uri)
           ^^^^^^^^^^^^^^^^^^^^^^^^^^^^^
  File "/usr/local/lib/python3.11/site-packages/gunicorn/util.py", line 371, in import_app
    mod = importlib.import_module(module)
          ^^^^^^^^^^^^^^^^^^^^^^^^^^^^^^^
  File "/usr/local/lib/python3.11/importlib/__init__.py", line 126, in import_module
    return _bootstrap._gcd_import(name[level:], package, level)
           ^^^^^^^^^^^^^^^^^^^^^^^^^^^^^^^^^^^^^^^^^^^^^^^^^^^^
  File "<frozen importlib._bootstrap>", line 1204, in _gcd_import
  File "<frozen importlib._bootstrap>", line 1176, in _find_and_load
  File "<frozen importlib._bootstrap>", line 1147, in _find_and_load_unlocked
  File "<frozen importlib._bootstrap>", line 690, in _load_unlocked
  File "<frozen importlib._bootstrap_external>", line 940, in exec_module
  File "<frozen importlib._bootstrap>", line 241, in _call_with_frames_removed
  File "/app/main.py", line 9, in <module>
    from api.routes import health, kafka, verify
  File "/app/api/routes/health.py", line 2, in <module>
    from core.dependencies import get_db_manager
  File "/app/core/dependencies.py", line 9, in <module>
    from services.webhook_client import WebhookClient
  File "/app/services/webhook_client.py", line 5, in <module>
    from core.settings import webhook_settings
  File "/app/core/settings.py", line 87, in <module>
    db_settings = DatabaseSettings()
                  ^^^^^^^^^^^^^^^^^^
  File "/usr/local/lib/python3.11/site-packages/pydantic_settings/main.py", line 71, in __init__
    super().__init__(
  File "/usr/local/lib/python3.11/site-packages/pydantic/main.py", line 164, in __init__
    __pydantic_self__.__pydantic_validator__.validate_python(data, self_instance=__pydantic_self__)
pydantic_core._pydantic_core.ValidationError: 13 validation errors for DatabaseSettings
TZ
  Extra inputs are not permitted [type=extra_forbidden, input_value='Asia/Almaty', input_type=str]
    For further information visit https://errors.pydantic.dev/2.5/v/extra_forbidden
S3_ENDPOINT
  Extra inputs are not permitted [type=extra_forbidden, input_value='s3-dev.fortebank.com:9443', input_type=str]
    For further information visit https://errors.pydantic.dev/2.5/v/extra_forbidden
S3_ACCESS_KEY
  Extra inputs are not permitted [type=extra_forbidden, input_value='fyz13d2czRW7l4sBW8gD', input_type=str]
    For further information visit https://errors.pydantic.dev/2.5/v/extra_forbidden
S3_SECRET_KEY
  Extra inputs are not permitted [type=extra_forbidden, input_value='1ixYVVoZKSnG0rwfvTy0vnqQplupXOOn8DF9gS1A', input_type=str]
    For further information visit https://errors.pydantic.dev/2.5/v/extra_forbidden
S3_BUCKET
  Extra inputs are not permitted [type=extra_forbidden, input_value='loan-statements-dev', input_type=str]
    For further information visit https://errors.pydantic.dev/2.5/v/extra_forbidden
S3_SECURE
  Extra inputs are not permitted [type=extra_forbidden, input_value='True', input_type=str]
    For further information visit https://errors.pydantic.dev/2.5/v/extra_forbidden
OCR_BASE_URL
  Extra inputs are not permitted [type=extra_forbidden, input_value='https://ocr.fortebank.com/v2', input_type=str]
    For further information visit https://errors.pydantic.dev/2.5/v/extra_forbidden
LLM_ENDPOINT_URL
  Extra inputs are not permitted [type=extra_forbidden, input_value='https://dl-ai-dev-app01-...payment/out/completions', input_type=str]
    For further information visit https://errors.pydantic.dev/2.5/v/extra_forbidden
LOG_LEVEL
  Extra inputs are not permitted [type=extra_forbidden, input_value='INFO', input_type=str]
    For further information visit https://errors.pydantic.dev/2.5/v/extra_forbidden
WEBHOOK_URL
  Extra inputs are not permitted [type=extra_forbidden, input_value='https://dev-loan-api.for...ay/document-scan/result', input_type=str]
    For further information visit https://errors.pydantic.dev/2.5/v/extra_forbidden
WEBHOOK_USERNAME
  Extra inputs are not permitted [type=extra_forbidden, input_value='bank', input_type=str]
    For further information visit https://errors.pydantic.dev/2.5/v/extra_forbidden
WEBHOOK_PASSWORD
  Extra inputs are not permitted [type=extra_forbidden, input_value='bank', input_type=str]
    For further information visit https://errors.pydantic.dev/2.5/v/extra_forbidden
WEBHOOK_TIMEOUT
  Extra inputs are not permitted [type=extra_forbidden, input_value='10.0', input_type=str]
    For further information visit https://errors.pydantic.dev/2.5/v/extra_forbidden
[2025-12-25 16:39:51 +0500] [9] [INFO] Worker exiting (pid: 9)
[2025-12-25 16:39:51 +0500] [1] [ERROR] Worker (pid:7) exited with code 3
[2025-12-25 16:39:51 +0500] [1] [ERROR] Worker (pid:8) exited with code 3
--- Logging error ---
[2025-12-25 16:39:51 +0500] [1] [ERROR] Worker (pid:9) was sent SIGTERM!
Traceback (most recent call last):
  File "/usr/local/lib/python3.11/site-packages/gunicorn/arbiter.py", line 209, in run
    self.sleep()
  File "/usr/local/lib/python3.11/site-packages/gunicorn/arbiter.py", line 360, in sleep
    ready = select.select([self.PIPE[0]], [], [], 1.0)
            ^^^^^^^^^^^^^^^^^^^^^^^^^^^^^^^^^^^^^^^^^^
  File "/usr/local/lib/python3.11/site-packages/gunicorn/arbiter.py", line 242, in handle_chld
    self.reap_workers()
  File "/usr/local/lib/python3.11/site-packages/gunicorn/arbiter.py", line 530, in reap_workers
    raise HaltServer(reason, self.WORKER_BOOT_ERROR)
gunicorn.errors.HaltServer: <HaltServer 'Worker failed to boot.' 3>

During handling of the above exception, another exception occurred:

Traceback (most recent call last):
  File "/usr/local/lib/python3.11/logging/__init__.py", line 1113, in emit
    stream.write(msg + self.terminator)
RuntimeError: reentrant call inside <_io.BufferedWriter name='<stderr>'>

During handling of the above exception, another exception occurred:

Traceback (most recent call last):
  File "/usr/local/lib/python3.11/logging/__init__.py", line 1113, in emit
    stream.write(msg + self.terminator)
  File "/usr/local/lib/python3.11/site-packages/gunicorn/arbiter.py", line 242, in handle_chld
    self.reap_workers()
  File "/usr/local/lib/python3.11/site-packages/gunicorn/arbiter.py", line 554, in reap_workers
    self.log.error(msg)
  File "/usr/local/lib/python3.11/site-packages/gunicorn/glogging.py", line 272, in error
    self.error_log.error(msg, *args, **kwargs)
  File "/usr/local/lib/python3.11/logging/__init__.py", line 1518, in error
    self._log(ERROR, msg, args, **kwargs)
  File "/usr/local/lib/python3.11/logging/__init__.py", line 1634, in _log
    self.handle(record)
  File "/usr/local/lib/python3.11/logging/__init__.py", line 1644, in handle
    self.callHandlers(record)
  File "/usr/local/lib/python3.11/logging/__init__.py", line 1706, in callHandlers
    hdlr.handle(record)
  File "/usr/local/lib/python3.11/logging/__init__.py", line 978, in handle
    self.emit(record)
  File "/usr/local/lib/python3.11/logging/__init__.py", line 1118, in emit
    self.handleError(record)
  File "/usr/local/lib/python3.11/logging/__init__.py", line 1031, in handleError
    sys.stderr.write('--- Logging error ---\n')
RuntimeError: reentrant call inside <_io.BufferedWriter name='<stderr>'>
Call stack:
  File "/usr/local/bin/gunicorn", line 8, in <module>
    sys.exit(run())
  File "/usr/local/lib/python3.11/site-packages/gunicorn/app/wsgiapp.py", line 67, in run
    WSGIApplication("%(prog)s [OPTIONS] [APP_MODULE]").run()
  File "/usr/local/lib/python3.11/site-packages/gunicorn/app/base.py", line 236, in run
    super().run()
  File "/usr/local/lib/python3.11/site-packages/gunicorn/app/base.py", line 72, in run
    Arbiter(self).run()
  File "/usr/local/lib/python3.11/site-packages/gunicorn/arbiter.py", line 229, in run
    self.halt(reason=inst.reason, exit_status=inst.exit_status)
  File "/usr/local/lib/python3.11/site-packages/gunicorn/arbiter.py", line 342, in halt
    self.stop()
  File "/usr/local/lib/python3.11/site-packages/gunicorn/arbiter.py", line 396, in stop
    time.sleep(0.1)
  File "/usr/local/lib/python3.11/site-packages/gunicorn/arbiter.py", line 242, in handle_chld
    self.reap_workers()
  File "/usr/local/lib/python3.11/site-packages/gunicorn/arbiter.py", line 527, in reap_workers
    self.log.error('Worker (pid:%s) exited with code %s', wpid, exitcode)
  File "/usr/local/lib/python3.11/site-packages/gunicorn/glogging.py", line 272, in error
    self.error_log.error(msg, *args, **kwargs)
Message: 'Worker (pid:%s) exited with code %s'
Arguments: (8, 3)
Traceback (most recent call last):
  File "/usr/local/lib/python3.11/site-packages/gunicorn/arbiter.py", line 209, in run
    self.sleep()
  File "/usr/local/lib/python3.11/site-packages/gunicorn/arbiter.py", line 360, in sleep
    ready = select.select([self.PIPE[0]], [], [], 1.0)
            ^^^^^^^^^^^^^^^^^^^^^^^^^^^^^^^^^^^^^^^^^^
  File "/usr/local/lib/python3.11/site-packages/gunicorn/arbiter.py", line 242, in handle_chld
    self.reap_workers()
  File "/usr/local/lib/python3.11/site-packages/gunicorn/arbiter.py", line 530, in reap_workers
    raise HaltServer(reason, self.WORKER_BOOT_ERROR)
gunicorn.errors.HaltServer: <HaltServer 'Worker failed to boot.' 3>

During handling of the above exception, another exception occurred:

Traceback (most recent call last):
  File "/usr/local/bin/gunicorn", line 8, in <module>
    sys.exit(run())
             ^^^^^
  File "/usr/local/lib/python3.11/site-packages/gunicorn/app/wsgiapp.py", line 67, in run
    WSGIApplication("%(prog)s [OPTIONS] [APP_MODULE]").run()
  File "/usr/local/lib/python3.11/site-packages/gunicorn/app/base.py", line 236, in run
    super().run()
  File "/usr/local/lib/python3.11/site-packages/gunicorn/app/base.py", line 72, in run
    Arbiter(self).run()
  File "/usr/local/lib/python3.11/site-packages/gunicorn/arbiter.py", line 229, in run
    self.halt(reason=inst.reason, exit_status=inst.exit_status)
  File "/usr/local/lib/python3.11/site-packages/gunicorn/arbiter.py", line 342, in halt
    self.stop()
  File "/usr/local/lib/python3.11/site-packages/gunicorn/arbiter.py", line 396, in stop
    time.sleep(0.1)
  File "/usr/local/lib/python3.11/site-packages/gunicorn/arbiter.py", line 242, in handle_chld
    self.reap_workers()
  File "/usr/local/lib/python3.11/site-packages/gunicorn/arbiter.py", line 530, in reap_workers
    raise HaltServer(reason, self.WORKER_BOOT_ERROR)
gunicorn.errors.HaltServer: <HaltServer 'Worker failed to boot.' 3>
[2025-12-25 16:39:53 +0500] [1] [INFO] Starting gunicorn 21.2.0
[2025-12-25 16:39:53 +0500] [1] [INFO] Listening at: http://0.0.0.0:8000 (1)
[2025-12-25 16:39:53 +0500] [1] [INFO] Using worker: uvicorn.workers.UvicornWorker
[2025-12-25 16:39:53 +0500] [7] [INFO] Booting worker with pid: 7
[2025-12-25 16:39:53 +0500] [8] [INFO] Booting worker with pid: 8
[2025-12-25 16:39:53 +0500] [9] [INFO] Booting worker with pid: 9
[2025-12-25 16:39:53 +0500] [10] [INFO] Booting worker with pid: 10